Using pre-set license
Built from '2021.3/staging' branch; Version is '2021.3.2f1 (d6360bedb9a0) revision 14038539'; Using compiler version '192829333'; Build Type 'Release'
OS: 'Windows 10  (10.0.14393) 64bit EnterpriseS' Language: 'ru' Physical Memory: 7988 MB
BatchMode: 1, IsHumanControllingUs: 0, StartBugReporterOnCrash: 0, Is64bit: 1, IsPro: 1

COMMAND LINE ARGUMENTS:
C:\Program Files\Unity\Hub\Editor\2021.3.2f1\Editor\Unity.exe
-adb2
-batchMode
-noUpm
-name
AssetImportWorker0
-projectPath
C:/Users/Mers/Lesson1
-logFile
Logs/AssetImportWorker0.log
-srvPort
64070
Successfully changed project path to: C:/Users/Mers/Lesson1
C:/Users/Mers/Lesson1
[UnityMemory] Configuration Parameters - Can be set up in boot.config
    "memorysetup-bucket-allocator-granularity=16"
    "memorysetup-bucket-allocator-bucket-count=8"
    "memorysetup-bucket-allocator-block-size=33554432"
    "memorysetup-bucket-allocator-block-count=8"
    "memorysetup-main-allocator-block-size=16777216"
    "memorysetup-thread-allocator-block-size=16777216"
    "memorysetup-gfx-main-allocator-block-size=16777216"
    "memorysetup-gfx-thread-allocator-block-size=16777216"
    "memorysetup-cache-allocator-block-size=4194304"
    "memorysetup-typetree-allocator-block-size=2097152"
    "memorysetup-profiler-bucket-allocator-granularity=16"
    "memorysetup-profiler-bucket-allocator-bucket-count=8"
    "memorysetup-profiler-bucket-allocator-block-size=33554432"
    "memorysetup-profiler-bucket-allocator-block-count=8"
    "memorysetup-profiler-allocator-block-size=16777216"
    "memorysetup-profiler-editor-allocator-block-size=1048576"
    "memorysetup-temp-allocator-size-main=16777216"
    "memorysetup-job-temp-allocator-block-size=2097152"
    "memorysetup-job-temp-allocator-block-size-background=1048576"
    "memorysetup-job-temp-allocator-reduction-small-platforms=262144"
    "memorysetup-temp-allocator-size-background-worker=32768"
    "memorysetup-temp-allocator-size-job-worker=262144"
    "memorysetup-temp-allocator-size-preload-manager=33554432"
    "memorysetup-temp-allocator-size-nav-mesh-worker=65536"
    "memorysetup-temp-allocator-size-audio-worker=65536"
    "memorysetup-temp-allocator-size-cloud-worker=32768"
    "memorysetup-temp-allocator-size-gi-baking-worker=262144"
    "memorysetup-temp-allocator-size-gfx=262144"
Refreshing native plugins compatible for Editor in 164.28 ms, found 3 plugins.
Preloading 0 native plugins for Editor in 0.00 ms.
Initialize engine version: 2021.3.2f1 (d6360bedb9a0)
[Subsystems] Discovering subsystems at path C:/Program Files/Unity/Hub/Editor/2021.3.2f1/Editor/Data/Resources/UnitySubsystems
[Subsystems] Discovering subsystems at path C:/Users/Mers/Lesson1/Assets
GfxDevice: creating device client; threaded=0; jobified=0
Direct3D:
    Version:  Direct3D 11.0 [level 10.0]
    Renderer: Intel(R) HD Graphics (ID=0x46)
    Vendor:   Intel
    VRAM:     128 MB
    Driver:   8.15.10.2900
Initialize mono
Mono path[0] = 'C:/Program Files/Unity/Hub/Editor/2021.3.2f1/Editor/Data/Managed'
Mono path[1] = 'C:/Program Files/Unity/Hub/Editor/2021.3.2f1/Editor/Data/MonoBleedingEdge/lib/mono/unityjit-win32'
Mono config path = 'C:/Program Files/Unity/Hub/Editor/2021.3.2f1/Editor/Data/MonoBleedingEdge/etc'
Using monoOptions --debugger-agent=transport=dt_socket,embedding=1,server=y,suspend=n,address=127.0.0.1:56436
Begin MonoManager ReloadAssembly
Registering precompiled unity dll's ...
Register platform support module: C:/Program Files/Unity/Hub/Editor/2021.3.2f1/Editor/Data/PlaybackEngines/WebGLSupport/UnityEditor.WebGL.Extensions.dll
Register platform support module: C:/Program Files/Unity/Hub/Editor/2021.3.2f1/Editor/Data/PlaybackEngines/WindowsStandaloneSupport/UnityEditor.WindowsStandalone.Extensions.dll
Registered in 0.036693 seconds.
Native extension for WindowsStandalone target not found
Native extension for WebGL target not found
Refreshing native plugins compatible for Editor in 159.78 ms, found 3 plugins.
Preloading 0 native plugins for Editor in 0.00 ms.
Mono: successfully reloaded assembly
- Completed reload, in  1.437 seconds
Domain Reload Profiling:
	ReloadAssembly (1438ms)
		BeginReloadAssembly (176ms)
			ExecutionOrderSort (0ms)
			DisableScriptedObjects (0ms)
			BackupInstance (0ms)
			ReleaseScriptingObjects (0ms)
			CreateAndSetChildDomain (1ms)
		EndReloadAssembly (977ms)
			LoadAssemblies (167ms)
			RebuildTransferFunctionScriptingTraits (0ms)
			SetupTypeCache (225ms)
			ReleaseScriptCaches (0ms)
			RebuildScriptCaches (62ms)
			SetupLoadedEditorAssemblies (573ms)
				LogAssemblyErrors (0ms)
				InitializePlatformSupportModulesInManaged (24ms)
				SetLoadedEditorAssemblies (0ms)
				RefreshPlugins (160ms)
				BeforeProcessingInitializeOnLoad (3ms)
				ProcessInitializeOnLoadAttributes (293ms)
				ProcessInitializeOnLoadMethodAttributes (93ms)
				AfterProcessingInitializeOnLoad (0ms)
				EditorAssembliesLoaded (0ms)
			ExecutionOrderSort2 (0ms)
			AwakeInstancesAfterBackupRestoration (0ms)
Platform modules already initialized, skipping
Registering precompiled user dll's ...
Registered in 0.013951 seconds.
Begin MonoManager ReloadAssembly
Symbol file LoadedFromMemory doesn't match image C:\Users\Mers\Lesson1\Library\PackageCache\com.unity.visualscripting@1.7.6\Editor\VisualScripting.Core\Dependencies\YamlDotNet\Unity.VisualScripting.YamlDotNet.dll
Symbol file LoadedFromMemory doesn't match image C:\Users\Mers\Lesson1\Library\PackageCache\com.unity.visualscripting@1.7.6\Editor\VisualScripting.Core\Dependencies\DotNetZip\Unity.VisualScripting.IonicZip.dll
Native extension for WindowsStandalone target not found
Native extension for WebGL target not found
Refreshing native plugins compatible for Editor in 1.23 ms, found 3 plugins.
Preloading 0 native plugins for Editor in 0.00 ms.
Mono: successfully reloaded assembly
- Completed reload, in  2.448 seconds
Domain Reload Profiling:
	ReloadAssembly (2449ms)
		BeginReloadAssembly (262ms)
			ExecutionOrderSort (0ms)
			DisableScriptedObjects (14ms)
			BackupInstance (0ms)
			ReleaseScriptingObjects (0ms)
			CreateAndSetChildDomain (40ms)
		EndReloadAssembly (1928ms)
			LoadAssemblies (198ms)
			RebuildTransferFunctionScriptingTraits (0ms)
			SetupTypeCache (587ms)
			ReleaseScriptCaches (1ms)
			RebuildScriptCaches (113ms)
			SetupLoadedEditorAssemblies (946ms)
				LogAssemblyErrors (0ms)
				InitializePlatformSupportModulesInManaged (23ms)
				SetLoadedEditorAssemblies (1ms)
				RefreshPlugins (1ms)
				BeforeProcessingInitializeOnLoad (215ms)
				ProcessInitializeOnLoadAttributes (592ms)
				ProcessInitializeOnLoadMethodAttributes (73ms)
				AfterProcessingInitializeOnLoad (40ms)
				EditorAssembliesLoaded (1ms)
			ExecutionOrderSort2 (0ms)
			AwakeInstancesAfterBackupRestoration (16ms)
Platform modules already initialized, skipping
========================================================================
Worker process is ready to serve import requests
Launched and connected shader compiler UnityShaderCompiler.exe after 0.09 seconds
Refreshing native plugins compatible for Editor in 1.21 ms, found 3 plugins.
Preloading 0 native plugins for Editor in 0.00 ms.
Unloading 3360 Unused Serialized files (Serialized files now loaded: 0)
Unloading 26 unused Assets / (112.5 KB). Loaded Objects now: 3817.
Memory consumption went from 115.7 MB to 115.6 MB.
Total: 7.003327 ms (FindLiveObjects: 0.970961 ms CreateObjectMapping: 0.298560 ms MarkObjects: 5.468181 ms  DeleteObjects: 0.261775 ms)

AssetImportParameters requested are different than current active one (requested -> active):
  custom:video-decoder-ogg-theora: a1e56fd34408186e4bbccfd4996cb3dc -> 
  custom:container-muxer-webm: aa71ff27fc2769a1b78a27578f13a17b -> 
  custom:container-demuxer-webm: 4f35f7cbe854078d1ac9338744f61a02 -> 
  custom:video-encoder-webm-vp8: eb34c28f22e8b96e1ab97ce403110664 -> 
  custom:video-codec-MediaFoundation-h265: 55f8c8538cf0483ab7069ead6b737db2 -> 
  custom:audio-encoder-webm-vorbis: bf7c407c2cedff20999df2af8eb42d56 -> 
  custom:framework-win-MediaFoundation: 216162199b28c13a410421893ffa2e32 -> 
  custom:container-demuxer-ogg: 62fdf1f143b41e24485cea50d1cbac27 -> 
  custom:video-decoder-webm-vp8: 9c59270c3fd7afecdb556c50c9e8de78 -> 
  custom:audio-decoder-ogg-vorbis: bf7c407c2cedff20999df2af8eb42d56 -> 
========================================================================
Received Import Request.
  Time since last request: 75914.993073 seconds.
  path: Assets/Scenes
  artifactKey: Guid(6ea315d0fd7389c41b19996891e99ae3) Importer(815301076,1909f56bfc062723c751e8b465ee728b)
Start importing Assets/Scenes using Guid(6ea315d0fd7389c41b19996891e99ae3) Importer(815301076,1909f56bfc062723c751e8b465ee728b)  -> (artifact id: 'b8193726cff86800c54781cdc6d54904') in 0.016516 seconds 
========================================================================
Received Import Request.
  Time since last request: 1.481645 seconds.
  path: Assets/Scenes/New Material.mat
  artifactKey: Guid(f4194810ace7a534fb4d2e20613040b2) Importer(815301076,1909f56bfc062723c751e8b465ee728b)
Start importing Assets/Scenes/New Material.mat using Guid(f4194810ace7a534fb4d2e20613040b2) Importer(815301076,1909f56bfc062723c751e8b465ee728b)  -> (artifact id: 'adaf655ceeb8c78cbd574d41eb0f5d43') in 0.574272 seconds 
========================================================================
Received Import Request.
  Time since last request: 345.042972 seconds.
  path: Assets/Scenes/New Material 1.mat
  artifactKey: Guid(9299f187a106107419cde6bfb031eb45) Importer(815301076,1909f56bfc062723c751e8b465ee728b)
Start importing Assets/Scenes/New Material 1.mat using Guid(9299f187a106107419cde6bfb031eb45) Importer(815301076,1909f56bfc062723c751e8b465ee728b)  -> (artifact id: 'fbcafd1af5a77dda26dd16838fbe6e30') in 0.026664 seconds 
========================================================================
Received Import Request.
  Time since last request: 116.168778 seconds.
  path: Assets/Scenes/New Material 2.mat
  artifactKey: Guid(ccc5d3e437ad90b46b789dac5eb54bef) Importer(815301076,1909f56bfc062723c751e8b465ee728b)
Start importing Assets/Scenes/New Material 2.mat using Guid(ccc5d3e437ad90b46b789dac5eb54bef) Importer(815301076,1909f56bfc062723c751e8b465ee728b)  -> (artifact id: 'e030c0cf9913ea41e5ccd6e55c630ccf') in 0.029593 seconds 
========================================================================
Received Import Request.
  Time since last request: 236.715095 seconds.
  path: Assets/Scenes/New Material 3.mat
  artifactKey: Guid(83d4c4f815caf8e4bb9a110cf3ac2722) Importer(815301076,1909f56bfc062723c751e8b465ee728b)
Start importing Assets/Scenes/New Material 3.mat using Guid(83d4c4f815caf8e4bb9a110cf3ac2722) Importer(815301076,1909f56bfc062723c751e8b465ee728b)  -> (artifact id: '69ad1dbcd993e5ee9619785f3433f9c4') in 0.040844 seconds 
========================================================================
Received Import Request.
  Time since last request: 1010.179914 seconds.
  path: Assets/Scenes/SampleScene.unity
  artifactKey: Guid(9fc0d4010bbf28b4594072e72b8655ab) Importer(815301076,1909f56bfc062723c751e8b465ee728b)
Start importing Assets/Scenes/SampleScene.unity using Guid(9fc0d4010bbf28b4594072e72b8655ab) Importer(815301076,1909f56bfc062723c751e8b465ee728b)  -> (artifact id: '5534d2442ae57cac3aeff7a7e7fc2ff6') in 0.006105 seconds 
========================================================================
Received Import Request.
  Time since last request: 40.775156 seconds.
  path: Assets/Scenes/New Material 4.mat
  artifactKey: Guid(1a3ad22d5692f0d45bb4370d263eb659) Importer(815301076,1909f56bfc062723c751e8b465ee728b)
Start importing Assets/Scenes/New Material 4.mat using Guid(1a3ad22d5692f0d45bb4370d263eb659) Importer(815301076,1909f56bfc062723c751e8b465ee728b)  -> (artifact id: 'ff4e762edd244c0a0dac639e6e10d286') in 0.027963 seconds 
========================================================================
Received Import Request.
  Time since last request: 1286.230077 seconds.
  path: Assets/Scenes/New Material 5.mat
  artifactKey: Guid(c9bb1b75d685fce4d8c444d76b22ff4c) Importer(815301076,1909f56bfc062723c751e8b465ee728b)
Start importing Assets/Scenes/New Material 5.mat using Guid(c9bb1b75d685fce4d8c444d76b22ff4c) Importer(815301076,1909f56bfc062723c751e8b465ee728b)  -> (artifact id: 'c57caa76c9ac1750ba0ea584eede9049') in 0.029337 seconds 
========================================================================
Received Import Request.
  Time since last request: 698.771476 seconds.
  path: Assets/Scenes/ะบ.mat
  artifactKey: Guid(c9bb1b75d685fce4d8c444d76b22ff4c) Importer(815301076,1909f56bfc062723c751e8b465ee728b)
Start importing Assets/Scenes/ะบ.mat using Guid(c9bb1b75d685fce4d8c444d76b22ff4c) Importer(815301076,1909f56bfc062723c751e8b465ee728b)  -> (artifact id: '0d1c6a3e1c8b4460caf0a45f70554ee0') in 0.038907 seconds 
========================================================================
Received Import Request.
  Time since last request: 8.475783 seconds.
  path: Assets/Scenes/Red.mat
  artifactKey: Guid(c9bb1b75d685fce4d8c444d76b22ff4c) Importer(815301076,1909f56bfc062723c751e8b465ee728b)
Start importing Assets/Scenes/Red.mat using Guid(c9bb1b75d685fce4d8c444d76b22ff4c) Importer(815301076,1909f56bfc062723c751e8b465ee728b)  -> (artifact id: '14d69094ca135c3207de2bc7535ca93d') in 0.029203 seconds 
========================================================================
Received Import Request.
  Time since last request: 4.997088 seconds.
  path: Assets/Scenes/Black.mat
  artifactKey: Guid(f4194810ace7a534fb4d2e20613040b2) Importer(815301076,1909f56bfc062723c751e8b465ee728b)
Start importing Assets/Scenes/Black.mat using Guid(f4194810ace7a534fb4d2e20613040b2) Importer(815301076,1909f56bfc062723c751e8b465ee728b)  -> (artifact id: 'dfb78d0353e8a1a1de3768a82bd77779') in 0.032144 seconds 
========================================================================
Received Import Request.
  Time since last request: 7.234746 seconds.
  path: Assets/Scenes/Orange.mat
  artifactKey: Guid(9299f187a106107419cde6bfb031eb45) Importer(815301076,1909f56bfc062723c751e8b465ee728b)
Start importing Assets/Scenes/Orange.mat using Guid(9299f187a106107419cde6bfb031eb45) Importer(815301076,1909f56bfc062723c751e8b465ee728b)  -> (artifact id: '5550f04e57b4cfb187a4a4f33b41a1ae') in 0.029928 seconds 
========================================================================
Received Import Request.
  Time since last request: 7.933567 seconds.
  path: Assets/Scenes/Blue.mat
  artifactKey: Guid(83d4c4f815caf8e4bb9a110cf3ac2722) Importer(815301076,1909f56bfc062723c751e8b465ee728b)
Start importing Assets/Scenes/Blue.mat using Guid(83d4c4f815caf8e4bb9a110cf3ac2722) Importer(815301076,1909f56bfc062723c751e8b465ee728b)  -> (artifact id: 'b805ce5dc4aa717bf0d0955cee15f847') in 0.032390 seconds 
========================================================================
Received Import Request.
  Time since last request: 23.952724 seconds.
  path: Assets/Scenes/Gray_1.mat
  artifactKey: Guid(ccc5d3e437ad90b46b789dac5eb54bef) Importer(815301076,1909f56bfc062723c751e8b465ee728b)
Start importing Assets/Scenes/Gray_1.mat using Guid(ccc5d3e437ad90b46b789dac5eb54bef) Importer(815301076,1909f56bfc062723c751e8b465ee728b)  -> (artifact id: '99990bcb2db028004c61647253b2cea1') in 0.031810 seconds 
========================================================================
Received Import Request.
  Time since last request: 12.099983 seconds.
  path: Assets/Scenes/Gray_2.mat
  artifactKey: Guid(1a3ad22d5692f0d45bb4370d263eb659) Importer(815301076,1909f56bfc062723c751e8b465ee728b)
Start importing Assets/Scenes/Gray_2.mat using Guid(1a3ad22d5692f0d45bb4370d263eb659) Importer(815301076,1909f56bfc062723c751e8b465ee728b)  -> (artifact id: 'b7188a25bc331093384e907334eeca10') in 0.027968 seconds 
